<?xml version="1.0" encoding="UTF-8"?>
<!-- Generated by org.testng.reporters.JUnitReportReporter -->
<testsuite hostname="EPINHYDW0886" failures="0" tests="2" name="rest.ApiTestUsingHttpClient" time="1.289" errors="0" timestamp="2021-04-14T12:50:37 IST" skipped="0">
  <testcase classname="rest.ApiTestUsingHttpClient" name="test" time="0.796"/>
  <system-out/>
  <testcase classname="rest.ApiTestUsingHttpClient" name="test1" time="0.493"/>
  <system-out/>
</testsuite> <!-- rest.ApiTestUsingHttpClient -->
