<?xml version="1.0" encoding="UTF-8"?>
<!-- Generated by org.testng.reporters.JUnitReportReporter -->
<testsuite hostname="EPINHYDW0886" failures="0" tests="1" name="rest.SimpleGetTestUsingRestAssured" time="1.663" errors="0" timestamp="2021-04-14T12:32:36 IST" skipped="0">
  <testcase classname="rest.SimpleGetTestUsingRestAssured" name="GetWeatherDetails" time="1.663"/>
  <system-out/>
</testsuite> <!-- rest.SimpleGetTestUsingRestAssured -->
