<?xml version="1.0" encoding="UTF-8"?>
<!-- Generated by org.testng.reporters.JUnitReportReporter -->
<testsuite hostname="EPINHYDW0886" failures="0" tests="3" name="soap.SoapExample" time="2.856" errors="0" timestamp="2021-04-14T12:22:33 IST" skipped="0">
  <testcase classname="soap.SoapExample" name="getConversionAmount" time="1.659"/>
  <system-out/>
  <testcase classname="soap.SoapExample" name="getCurrencies" time="0.446"/>
  <system-out/>
  <testcase classname="soap.SoapExample" name="getConversionRate" time="0.751"/>
  <system-out/>
</testsuite> <!-- soap.SoapExample -->
